SF:lib\src\features\antrian\data\models\response\antrian_list_response_model.dart
DA:5,1
DA:6,1
DA:7,4
DA:9,1
DA:10,5
DA:21,3
DA:31,1
DA:39,1
DA:40,1
DA:41,1
DA:42,0
DA:43,1
DA:44,1
DA:45,1
DA:48,1
DA:49,1
DA:50,1
DA:51,1
DA:52,1
DA:53,1
DA:54,2
DA:55,2
DA:58,2
DA:59,1
DA:60,1
DA:61,1
DA:62,1
DA:63,2
DA:64,2
LF:29
LH:28
end_of_record
SF:lib\src\features\antrian\data\models\response\pesanan_invoice_response.dart
DA:4,1
DA:5,2
DA:7,1
DA:8,2
DA:25,4
DA:41,2
DA:42,2
DA:43,2
DA:44,2
DA:45,2
DA:46,2
DA:47,2
DA:48,2
DA:49,2
DA:50,2
DA:51,2
DA:53,4
DA:54,2
DA:56,4
DA:57,2
DA:59,4
DA:61,6
DA:62,2
DA:63,0
DA:64,2
DA:65,8
DA:68,4
DA:69,2
DA:70,2
DA:71,2
DA:72,2
DA:73,2
DA:74,2
DA:75,2
DA:76,2
DA:77,4
DA:78,4
DA:79,4
DA:80,4
DA:81,2
DA:82,0
DA:83,10
DA:86,1
DA:87,1
DA:88,1
DA:89,1
DA:90,1
DA:91,1
DA:92,1
DA:93,1
DA:94,1
DA:95,1
DA:96,1
DA:97,1
DA:98,1
DA:99,1
DA:100,1
DA:112,2
DA:121,4
DA:122,2
DA:123,2
DA:124,2
DA:125,2
DA:126,2
DA:128,4
DA:129,2
DA:131,4
DA:134,4
DA:135,2
DA:136,2
DA:137,2
DA:138,2
DA:139,4
DA:140,4
DA:143,1
DA:144,1
DA:145,1
DA:146,1
DA:147,1
DA:148,1
DA:149,1
DA:150,1
DA:162,2
DA:171,4
DA:172,2
DA:173,2
DA:174,2
DA:175,2
DA:176,2
DA:177,6
DA:180,4
DA:181,2
DA:182,2
DA:183,2
DA:184,2
DA:185,2
DA:186,4
DA:189,1
DA:190,1
DA:191,1
DA:192,1
DA:193,1
DA:194,1
DA:195,1
DA:196,1
DA:211,2
DA:223,4
DA:224,2
DA:225,2
DA:226,2
DA:227,2
DA:228,2
DA:229,2
DA:230,2
DA:231,2
DA:233,4
DA:234,2
DA:236,4
DA:239,4
DA:240,2
DA:241,2
DA:242,2
DA:243,2
DA:244,2
DA:245,2
DA:246,2
DA:247,4
DA:248,4
DA:251,1
DA:252,1
DA:253,1
DA:254,1
DA:255,1
DA:256,1
DA:257,1
DA:258,1
DA:259,1
DA:260,1
DA:261,1
DA:279,2
DA:294,4
DA:295,2
DA:296,2
DA:297,2
DA:298,2
DA:299,2
DA:300,2
DA:301,2
DA:302,2
DA:303,2
DA:304,2
DA:305,2
DA:307,4
DA:308,2
DA:310,4
DA:313,4
DA:314,2
DA:315,2
DA:316,2
DA:317,2
DA:318,2
DA:319,2
DA:320,2
DA:321,2
DA:322,2
DA:323,2
DA:324,4
DA:325,4
DA:328,1
DA:329,1
DA:330,1
DA:331,1
DA:332,1
DA:333,1
DA:334,1
DA:335,1
DA:336,1
DA:337,1
DA:338,1
DA:339,1
DA:340,1
DA:341,1
LF:182
LH:180
end_of_record
SF:lib\src\core\failure\failure.dart
DA:5,551
DA:7,8
DA:8,16
DA:12,103
DA:16,154
DA:20,16
DA:24,422
LF:7
LH:7
end_of_record
SF:lib\src\features\antrian\data\datasources\antrian_remote_datasource.dart
DA:25,1
DA:30,2
DA:32,1
DA:33,1
DA:34,1
DA:37,2
DA:39,2
DA:40,1
DA:42,0
DA:50,1
DA:55,3
DA:56,2
DA:58,2
DA:59,1
DA:61,1
DA:62,3
DA:65,3
DA:69,0
DA:73,0
DA:74,0
DA:78,0
DA:79,0
DA:80,0
DA:81,0
DA:86,0
DA:87,0
DA:88,0
DA:89,0
DA:91,0
DA:92,0
DA:93,0
DA:95,0
DA:97,0
DA:98,0
DA:99,0
DA:100,0
DA:101,0
DA:107,0
DA:109,0
DA:112,0
DA:117,0
DA:120,0
LF:42
LH:16
end_of_record
SF:lib\src\features\antrian\data\models\request\status_pesanan_request.dart
DA:4,1
DA:5,2
DA:7,1
DA:8,2
DA:13,4
DA:17,1
DA:18,1
DA:19,1
DA:22,4
DA:23,2
DA:26,1
DA:27,2
LF:12
LH:12
end_of_record
SF:lib\src\features\antrian\data\models\response\antrian_response_model.dart
DA:4,0
DA:5,0
DA:7,0
DA:8,0
DA:18,4
DA:27,2
DA:28,2
DA:29,2
DA:30,2
DA:31,2
DA:32,2
DA:33,2
DA:35,4
DA:36,2
DA:38,4
DA:41,4
DA:42,2
DA:43,2
DA:44,2
DA:45,2
DA:46,4
DA:47,4
DA:50,2
DA:51,2
DA:52,2
DA:53,2
DA:54,2
DA:55,2
DA:56,2
DA:57,2
LF:30
LH:26
end_of_record
SF:lib\src\features\auth\data\models\response\user_model.dart
DA:14,9
DA:26,2
DA:27,1
DA:28,1
DA:29,1
DA:30,1
DA:31,1
DA:32,1
DA:33,1
DA:34,1
DA:35,1
DA:38,2
DA:39,1
DA:40,1
DA:41,1
DA:42,1
DA:43,1
DA:44,1
DA:45,1
DA:46,1
DA:47,1
DA:50,1
DA:51,1
DA:52,1
DA:53,1
DA:54,1
DA:55,1
DA:56,1
DA:57,1
DA:58,1
DA:59,1
DA:60,1
LF:32
LH:32
end_of_record
SF:lib\src\core\utils\constant.dart
DA:4,3
DA:5,2
DA:6,2
DA:7,2
DA:8,4
DA:9,2
DA:10,4
DA:11,6
DA:12,6
DA:13,4
DA:14,4
DA:15,1
DA:16,1
DA:17,4
LF:14
LH:14
end_of_record
SF:lib\src\features\kasir\data\models\product_model.dart
DA:4,0
DA:5,0
DA:7,0
DA:8,0
DA:21,3
DA:33,2
DA:34,1
DA:35,1
DA:36,1
DA:37,1
DA:38,1
DA:39,1
DA:40,1
DA:41,1
DA:43,2
DA:44,1
DA:46,2
DA:49,2
DA:50,1
DA:51,1
DA:52,1
DA:53,1
DA:54,1
DA:55,1
DA:56,1
DA:57,2
DA:58,2
DA:61,1
DA:62,1
DA:63,1
DA:64,1
DA:65,1
DA:66,1
DA:67,1
DA:68,1
DA:69,1
DA:70,1
DA:71,1
LF:38
LH:34
end_of_record
SF:lib\src\core\network\network_checker.dart
DA:10,1
DA:12,1
DA:13,2
LF:3
LH:3
end_of_record
SF:lib\src\features\antrian\data\repositories\antrian_repository_impl.dart
DA:12,1
DA:15,2
DA:16,1
DA:19,1
DA:23,3
DA:29,1
DA:31,3
LF:7
LH:7
end_of_record
SF:lib\src\features\antrian\domain\usecases\get_antrian_usecase.dart
DA:8,1
DA:9,3
LF:2
LH:2
end_of_record
SF:lib\src\features\antrian\domain\usecases\get_pesanan_invoice_usecase.dart
DA:8,1
DA:10,2
DA:11,1
LF:3
LH:3
end_of_record
SF:lib\src\features\antrian\domain\usecases\update_status_pesanan_usecase.dart
DA:9,1
DA:13,3
LF:2
LH:2
end_of_record
SF:lib\src\features\auth\data\datasources\auth_local_datasources.dart
DA:12,0
DA:15,0
DA:17,0
DA:19,0
DA:29,0
DA:30,0
LF:6
LH:0
end_of_record
SF:lib\src\features\auth\data\datasources\auth_remote_datasource.dart
DA:22,1
DA:26,2
DA:27,1
DA:28,1
DA:30,2
DA:31,2
DA:32,1
DA:33,3
DA:34,3
DA:35,1
DA:40,4
DA:43,0
DA:44,0
DA:48,1
DA:52,2
DA:53,1
DA:54,1
DA:56,2
DA:58,2
DA:59,1
DA:61,4
LF:21
LH:19
end_of_record
SF:lib\src\features\auth\data\repositories\auth_repository_impl.dart
DA:13,1
DA:16,3
DA:21,1
DA:24,3
DA:29,1
DA:31,3
LF:6
LH:6
end_of_record
SF:lib\src\features\auth\domain\usecases\login_usecase.dart
DA:10,1
DA:13,3
DA:14,1
DA:15,1
DA:16,3
DA:17,1
LF:6
LH:6
end_of_record
SF:lib\src\features\auth\domain\usecases\register_usecase.dart
DA:9,1
DA:11,2
DA:12,1
LF:3
LH:3
end_of_record
SF:lib\src\features\history_transaksi\data\datasources\riwayat_transaksi_remote_datasource.dart
DA:20,1
DA:25,2
DA:26,1
DA:30,1
DA:31,3
DA:33,2
DA:34,1
DA:35,1
DA:37,3
DA:38,1
DA:39,1
DA:44,4
DA:47,0
DA:51,1
DA:56,3
DA:57,2
DA:59,2
DA:60,1
DA:62,1
DA:63,3
DA:66,3
LF:21
LH:20
end_of_record
SF:lib\src\features\history_transaksi\data\repositories\riwayat_transaksi_repository_impl.dart
DA:10,1
DA:13,2
DA:14,1
DA:17,1
DA:20,2
DA:21,1
LF:6
LH:6
end_of_record
SF:lib\src\features\history_transaksi\domain\usecases\get_detail_transaksi_usecase.dart
DA:8,1
DA:10,2
DA:11,1
LF:3
LH:3
end_of_record
SF:lib\src\features\history_transaksi\domain\usecases\get_riwayat_usecase.dart
DA:9,1
DA:11,2
DA:12,1
LF:3
LH:3
end_of_record
SF:lib\src\features\home\data\datasources\local\home_local_datasource.dart
DA:12,0
DA:15,0
DA:17,0
LF:3
LH:0
end_of_record
SF:lib\src\features\home\data\datasources\remote\home_remote_datasource.dart
DA:18,1
DA:22,2
DA:23,1
DA:27,1
DA:28,3
DA:30,2
DA:31,1
DA:32,1
DA:34,4
DA:35,1
DA:40,4
DA:43,0
DA:47,1
DA:51,2
DA:52,1
DA:56,1
DA:57,3
DA:59,2
DA:61,2
DA:62,1
DA:64,4
DA:67,3
LF:22
LH:21
end_of_record
SF:lib\src\features\home\data\repositories\home_repository_impl.dart
DA:12,0
DA:14,0
DA:17,1
DA:19,3
DA:22,1
DA:24,3
LF:6
LH:4
end_of_record
SF:lib\src\features\home\domain\usecases\check_user_login_status_usecase.dart
DA:9,1
DA:11,3
LF:2
LH:2
end_of_record
SF:lib\src\features\home\domain\usecases\get_pesanan_mitra_usecase.dart
DA:8,1
DA:9,3
LF:2
LH:2
end_of_record
SF:lib\src\features\home\domain\usecases\get_user_local_usecase.dart
DA:8,1
DA:10,3
LF:2
LH:2
end_of_record
SF:lib\src\features\home\domain\usecases\get_user_remote_usecase.dart
DA:8,1
DA:9,3
LF:2
LH:2
end_of_record
SF:lib\src\features\jadwal\data\datasources\jadwal_remote_datasource.dart
DA:20,1
DA:24,2
DA:25,1
DA:31,1
DA:32,3
DA:33,2
DA:34,2
DA:35,1
DA:37,1
DA:38,3
DA:47,1
DA:52,2
DA:53,1
DA:59,1
DA:60,2
DA:61,1
DA:62,1
DA:64,2
DA:65,2
DA:66,1
DA:68,0
DA:70,0
LF:22
LH:20
end_of_record
SF:lib\src\features\jadwal\data\repositories\jadwal_repository_impl.dart
DA:10,1
DA:12,3
DA:15,1
DA:18,3
LF:4
LH:4
end_of_record
SF:lib\src\features\jadwal\domain\usecases\get_jadwal_usecase.dart
DA:8,1
DA:9,3
LF:2
LH:2
end_of_record
SF:lib\src\features\jadwal\domain\usecases\update_jadwal_usecase.dart
DA:9,1
DA:11,3
LF:2
LH:2
end_of_record
SF:lib\src\features\kasir\data\datasources\kasir_local_datasource.dart
DA:21,0
DA:24,0
DA:25,0
DA:26,0
DA:27,0
DA:28,0
DA:29,0
DA:30,0
DA:35,0
DA:39,0
DA:43,0
DA:44,0
DA:47,0
DA:57,0
DA:58,0
DA:59,0
DA:65,0
DA:69,0
DA:70,0
DA:71,0
DA:72,0
DA:78,0
DA:79,0
DA:83,0
DA:87,0
DA:88,0
DA:91,0
DA:92,0
DA:96,0
DA:100,0
DA:101,0
DA:104,0
DA:105,0
DA:109,0
DA:113,0
DA:115,0
DA:120,0
DA:124,0
DA:127,0
DA:129,0
DA:133,0
LF:41
LH:0
end_of_record
SF:lib\src\features\kasir\data\datasources\kasir_remote_datasource.dart
DA:16,0
DA:19,0
DA:21,0
DA:22,0
DA:26,0
DA:27,0
DA:29,0
DA:30,0
DA:31,0
DA:33,0
DA:34,0
DA:35,0
DA:36,0
DA:38,0
DA:43,0
DA:46,0
LF:16
LH:0
end_of_record
SF:lib\src\features\kasir\data\repositories\kasir_repository_impl.dart
DA:10,0
DA:13,0
DA:14,0
DA:15,0
DA:17,0
DA:18,0
DA:19,0
DA:20,0
DA:21,0
DA:22,0
DA:26,0
DA:30,0
DA:34,0
DA:35,0
DA:38,0
DA:39,0
DA:43,0
DA:48,0
DA:49,0
DA:50,0
DA:51,0
DA:54,0
DA:55,0
DA:56,0
DA:61,0
DA:65,0
DA:66,0
DA:67,0
DA:68,0
DA:69,0
DA:72,0
DA:73,0
DA:77,0
DA:81,0
DA:82,0
DA:83,0
DA:84,0
DA:85,0
DA:88,0
DA:89,0
DA:93,0
DA:97,0
DA:104,0
DA:105,0
DA:106,0
DA:109,0
DA:110,0
DA:114,0
DA:118,0
DA:119,0
DA:120,0
DA:121,0
DA:124,0
DA:125,0
LF:54
LH:0
end_of_record
SF:lib\src\features\kasir\domain\usecases\get_product_usecase.dart
DA:8,1
DA:9,3
LF:2
LH:2
end_of_record
SF:lib\src\features\kasir\domain\usecases\order_list_usecase.dart
DA:8,1
DA:9,3
DA:12,1
DA:13,3
DA:16,1
DA:18,2
DA:19,1
DA:22,1
DA:24,3
DA:30,1
DA:32,3
DA:38,1
DA:40,3
DA:49,1
DA:50,3
LF:15
LH:15
end_of_record
SF:lib\src\features\profile\data\datasources\profile_remote_datasource.dart
DA:28,1
DA:32,2
DA:33,1
DA:39,1
DA:40,3
DA:41,2
DA:43,2
DA:44,1
DA:48,1
DA:49,3
DA:58,0
DA:63,0
DA:64,0
DA:70,0
DA:73,0
DA:74,0
DA:75,0
DA:79,0
DA:80,0
DA:81,0
DA:82,0
DA:83,0
DA:84,0
DA:85,0
DA:88,0
DA:89,0
DA:93,0
DA:95,0
DA:96,0
DA:98,0
DA:106,1
DA:110,2
DA:111,1
DA:115,1
DA:116,3
DA:118,2
DA:119,1
DA:120,1
DA:122,3
DA:123,1
DA:124,1
DA:129,4
DA:132,0
DA:136,0
DA:141,0
DA:142,0
DA:148,0
DA:151,0
DA:152,0
DA:153,0
DA:157,0
DA:158,0
DA:159,0
DA:160,0
DA:161,0
DA:162,0
DA:165,0
DA:166,0
DA:170,0
DA:172,0
DA:173,0
DA:175,0
DA:183,0
DA:187,0
DA:188,0
DA:194,0
DA:195,0
DA:196,0
DA:198,0
DA:199,0
DA:201,0
DA:202,0
LF:72
LH:22
end_of_record
SF:lib\src\features\profile\data\repositories\profile_repository_impl.dart
DA:13,1
DA:15,3
DA:18,1
DA:21,3
DA:26,1
DA:28,3
DA:31,1
DA:34,3
DA:39,1
DA:41,3
LF:10
LH:10
end_of_record
SF:lib\src\features\profile\domain\usecases\get_informasi_usaha_usecase.dart
DA:8,1
DA:9,3
LF:2
LH:2
end_of_record
SF:lib\src\features\profile\domain\usecases\get_karyawan_profile_usecase.dart
DA:8,1
DA:9,3
LF:2
LH:2
end_of_record
SF:lib\src\features\profile\domain\usecases\get_ulasan_mitra_usecase.dart
DA:8,1
DA:9,3
LF:2
LH:2
end_of_record
SF:lib\src\features\auth\domain\usecases\logout_user_usecase.dart
DA:8,1
DA:10,3
DA:11,1
DA:12,3
LF:4
LH:4
end_of_record
SF:lib\src\features\profile\domain\usecases\update_informasi_usaha_usecase.dart
DA:9,1
DA:11,2
DA:12,1
LF:3
LH:3
end_of_record
SF:lib\src\features\profile\domain\usecases\update_karyawan_profile_usecase.dart
DA:9,1
DA:11,2
DA:12,1
LF:3
LH:3
end_of_record
SF:lib\src\features\auth\data\models\request\login_request_model.dart
DA:7,5
DA:12,6
DA:13,3
DA:14,3
DA:17,4
DA:18,2
DA:19,2
DA:22,2
DA:23,6
LF:9
LH:9
end_of_record
SF:lib\src\features\auth\data\models\request\register_request_model.dart
DA:7,6
DA:12,3
DA:13,3
DA:14,3
DA:16,4
DA:17,3
DA:19,4
DA:22,4
DA:23,3
DA:24,3
DA:27,2
DA:28,6
DA:41,5
DA:52,4
DA:53,2
DA:54,2
DA:55,2
DA:56,2
DA:57,2
DA:58,2
DA:59,2
DA:60,2
DA:63,2
DA:64,1
DA:65,1
DA:66,1
DA:67,1
DA:68,1
DA:69,1
DA:70,1
DA:71,1
DA:74,2
DA:75,2
DA:76,2
DA:77,2
DA:78,2
DA:79,2
DA:80,2
DA:81,2
DA:82,2
DA:83,2
DA:95,5
DA:104,4
DA:105,2
DA:106,2
DA:107,2
DA:108,2
DA:109,2
DA:110,2
DA:113,2
DA:114,1
DA:115,1
DA:116,1
DA:117,1
DA:118,1
DA:119,1
DA:122,2
DA:124,14
LF:58
LH:58
end_of_record
SF:lib\src\features\auth\data\models\response\login_reponse_model.dart
DA:6,56
DA:10,6
DA:11,3
DA:14,4
DA:15,2
DA:18,2
DA:19,4
LF:7
LH:7
end_of_record
SF:lib\src\features\auth\data\models\response\register_reponse_model.dart
DA:7,4
DA:12,3
DA:13,3
DA:14,9
DA:15,3
DA:17,6
DA:20,4
DA:21,4
DA:22,4
DA:25,2
DA:26,6
DA:43,4
DA:58,6
DA:59,3
DA:60,3
DA:61,3
DA:62,3
DA:63,3
DA:64,3
DA:65,3
DA:66,3
DA:67,3
DA:68,3
DA:69,3
DA:71,6
DA:72,3
DA:74,6
DA:77,4
DA:78,2
DA:79,2
DA:80,2
DA:81,2
DA:82,2
DA:83,2
DA:84,2
DA:85,2
DA:86,2
DA:87,2
DA:88,4
DA:89,4
DA:92,2
DA:93,2
DA:94,2
DA:95,2
DA:96,2
DA:97,2
DA:98,2
DA:99,2
DA:100,2
DA:101,2
DA:102,2
DA:103,2
DA:104,2
DA:105,2
DA:121,4
DA:134,6
DA:135,3
DA:136,3
DA:137,3
DA:138,3
DA:139,3
DA:140,3
DA:141,3
DA:142,3
DA:143,3
DA:145,6
DA:146,3
DA:148,6
DA:151,4
DA:152,2
DA:153,2
DA:154,2
DA:155,2
DA:156,2
DA:157,2
DA:158,2
DA:159,2
DA:160,4
DA:161,4
DA:164,2
DA:165,2
DA:166,2
DA:167,2
DA:168,2
DA:169,2
DA:170,2
DA:171,2
DA:172,2
DA:173,2
DA:174,2
DA:175,2
LF:91
LH:91
end_of_record
SF:lib\src\features\history_transaksi\data\models\detail_transaksi_model.dart
DA:4,0
DA:5,0
DA:7,0
DA:8,0
DA:20,4
DA:31,4
DA:32,4
DA:33,4
DA:34,4
DA:35,4
DA:36,4
DA:37,4
DA:39,8
DA:40,4
DA:42,8
DA:43,4
DA:45,6
DA:46,4
DA:47,1
DA:48,4
DA:49,14
DA:52,4
DA:53,2
DA:54,2
DA:55,2
DA:56,2
DA:57,4
DA:58,4
DA:59,3
DA:60,2
DA:61,0
DA:62,8
DA:65,2
DA:66,2
DA:67,2
DA:68,2
DA:69,2
DA:70,2
DA:71,2
DA:72,2
DA:73,2
DA:74,2
DA:85,3
DA:93,6
DA:94,3
DA:95,3
DA:96,3
DA:97,3
DA:98,9
DA:101,2
DA:102,1
DA:103,1
DA:104,1
DA:105,1
DA:106,2
DA:109,1
DA:110,1
DA:111,1
DA:112,1
DA:113,1
DA:114,1
DA:115,1
DA:126,3
DA:134,6
DA:135,3
DA:136,3
DA:137,3
DA:138,3
DA:140,6
DA:141,3
DA:143,6
DA:146,2
DA:147,1
DA:148,1
DA:149,1
DA:150,2
DA:151,2
DA:154,1
DA:155,1
DA:156,1
DA:157,1
DA:158,1
DA:159,1
DA:160,1
DA:170,3
DA:177,6
DA:178,3
DA:179,3
DA:180,3
DA:182,6
DA:183,3
DA:185,6
DA:188,2
DA:189,1
DA:190,1
DA:191,2
DA:192,2
DA:195,1
DA:196,1
DA:197,1
DA:198,1
DA:199,1
DA:200,1
LF:103
LH:98
end_of_record
SF:lib\src\features\history_transaksi\data\models\riwayat_transaksi_response_model.dart
DA:4,1
DA:5,1
DA:6,4
DA:8,0
DA:9,0
DA:26,4
DA:42,4
DA:43,4
DA:44,4
DA:45,4
DA:46,4
DA:47,4
DA:48,4
DA:49,4
DA:50,4
DA:51,4
DA:52,4
DA:54,8
DA:55,4
DA:57,8
DA:58,4
DA:59,0
DA:60,4
DA:61,16
DA:62,4
DA:64,8
DA:66,12
DA:69,2
DA:70,1
DA:71,1
DA:72,1
DA:73,1
DA:74,1
DA:75,1
DA:76,1
DA:77,1
DA:78,2
DA:79,2
DA:80,1
DA:81,0
DA:82,5
DA:83,2
DA:84,2
DA:87,2
DA:88,2
DA:89,2
DA:90,2
DA:91,2
DA:92,2
DA:93,2
DA:94,2
DA:95,2
DA:96,2
DA:97,2
DA:98,2
DA:99,2
DA:100,2
DA:101,2
DA:113,4
DA:122,8
DA:123,4
DA:124,4
DA:125,4
DA:126,4
DA:127,4
DA:129,8
DA:130,4
DA:132,8
DA:135,2
DA:136,1
DA:137,1
DA:138,1
DA:139,1
DA:140,2
DA:141,2
DA:144,2
DA:146,14
DA:157,4
DA:166,8
DA:167,4
DA:168,4
DA:169,4
DA:170,4
DA:171,4
DA:172,12
DA:175,2
DA:176,1
DA:177,1
DA:178,1
DA:179,1
DA:180,1
DA:181,2
DA:184,2
DA:185,14
DA:199,4
DA:211,8
DA:212,4
DA:213,4
DA:214,4
DA:215,4
DA:216,4
DA:217,4
DA:218,4
DA:219,4
DA:221,8
DA:222,4
DA:224,8
DA:227,2
DA:228,1
DA:229,1
DA:230,1
DA:231,1
DA:232,1
DA:233,1
DA:234,1
DA:235,2
DA:236,2
DA:239,2
DA:240,2
DA:241,2
DA:242,2
DA:243,2
DA:244,2
DA:245,2
DA:246,2
DA:247,2
DA:248,2
DA:249,2
DA:267,4
DA:282,8
DA:283,4
DA:284,4
DA:285,4
DA:286,4
DA:287,4
DA:288,4
DA:289,4
DA:290,4
DA:291,4
DA:292,4
DA:293,4
DA:295,8
DA:296,4
DA:298,8
DA:301,2
DA:302,1
DA:303,1
DA:304,1
DA:305,1
DA:306,1
DA:307,1
DA:308,1
DA:309,1
DA:310,1
DA:311,1
DA:312,2
DA:313,2
DA:316,2
DA:317,2
DA:318,2
DA:319,2
DA:320,2
DA:321,2
DA:322,2
DA:323,2
DA:324,2
DA:325,2
DA:326,2
DA:327,2
DA:328,2
DA:329,2
LF:171
LH:167
end_of_record
SF:lib\src\features\home\data\models\pesanan_model.dart
DA:4,1
DA:5,1
DA:6,4
DA:8,0
DA:9,0
DA:19,4
DA:28,6
DA:29,3
DA:30,3
DA:31,3
DA:32,3
DA:34,6
DA:35,3
DA:37,6
DA:39,9
DA:42,2
DA:43,1
DA:44,1
DA:45,1
DA:46,2
DA:47,2
DA:48,2
DA:51,2
DA:52,2
DA:53,2
DA:54,2
DA:55,2
DA:56,2
DA:57,2
DA:58,2
DA:69,4
DA:77,6
DA:78,3
DA:79,3
DA:80,3
DA:81,3
DA:83,6
DA:84,3
DA:86,6
DA:89,2
DA:90,1
DA:91,1
DA:92,1
DA:93,2
DA:94,2
DA:97,2
DA:98,2
DA:99,2
DA:100,2
DA:101,2
DA:102,2
DA:103,2
LF:52
LH:50
end_of_record
SF:lib\src\features\profile\data\models\response\karyawan_model.dart
DA:4,0
DA:5,0
DA:7,0
DA:23,7
DA:38,10
DA:39,5
DA:40,5
DA:41,5
DA:42,5
DA:43,5
DA:44,5
DA:45,5
DA:46,5
DA:47,5
DA:48,5
DA:49,10
DA:50,10
DA:53,4
DA:54,2
DA:55,2
DA:56,2
DA:57,2
DA:58,2
DA:59,2
DA:60,2
DA:61,2
DA:62,2
DA:63,2
DA:64,4
DA:65,4
DA:68,2
DA:69,2
DA:70,2
DA:71,2
DA:72,2
DA:73,2
DA:74,2
DA:75,2
DA:76,2
DA:77,2
DA:78,2
DA:79,2
DA:80,2
DA:81,2
LF:44
LH:41
end_of_record
SF:lib\src\features\jadwal\data\models\response\mitra_model.dart
DA:19,5
DA:36,10
DA:37,5
DA:38,5
DA:39,5
DA:40,5
DA:41,5
DA:42,5
DA:43,5
DA:44,5
DA:45,5
DA:46,5
DA:47,5
DA:48,5
DA:49,5
DA:51,10
DA:52,5
DA:54,10
DA:57,4
DA:58,2
DA:59,2
DA:60,2
DA:61,2
DA:62,2
DA:63,2
DA:64,2
DA:65,2
DA:66,2
DA:67,2
DA:68,2
DA:69,2
DA:70,4
DA:71,4
DA:74,2
DA:75,2
DA:76,2
DA:77,2
DA:78,2
DA:79,2
DA:80,2
DA:81,2
DA:82,2
DA:83,2
DA:84,2
DA:85,2
DA:86,2
DA:87,2
DA:88,2
DA:89,2
LF:49
LH:49
end_of_record
SF:lib\src\features\jadwal\data\models\request\mitra_request_model.dart
DA:4,0
DA:5,0
DA:7,0
DA:8,0
DA:16,4
DA:23,4
DA:24,4
DA:25,4
DA:26,4
DA:27,4
DA:28,4
DA:31,4
DA:32,2
DA:33,2
DA:34,2
DA:35,2
DA:38,1
DA:39,5
LF:18
LH:14
end_of_record
SF:lib\src\features\profile\data\models\request\update_karyawan_request_model.dart
DA:4,0
DA:5,0
DA:7,0
DA:8,0
DA:18,3
DA:27,3
DA:28,3
DA:29,3
DA:30,3
DA:31,3
DA:32,3
DA:33,3
DA:34,3
DA:37,2
DA:38,1
DA:39,1
DA:40,1
DA:41,1
DA:42,1
DA:43,1
DA:46,1
DA:47,1
DA:48,1
DA:49,1
DA:50,1
DA:51,1
DA:52,1
DA:53,1
LF:28
LH:24
end_of_record
SF:lib\src\features\profile\data\models\request\update_usaha_request.dart
DA:4,0
DA:5,0
DA:7,0
DA:8,0
DA:17,3
DA:25,1
DA:32,1
DA:33,0
DA:34,1
DA:35,1
DA:36,1
DA:37,1
DA:40,3
DA:41,3
DA:42,3
DA:43,3
DA:44,3
DA:45,3
DA:46,3
DA:49,2
DA:50,1
DA:51,1
DA:52,1
DA:53,1
DA:54,1
DA:57,1
DA:58,1
DA:59,1
DA:60,1
DA:61,1
DA:62,1
DA:63,1
LF:32
LH:27
end_of_record
SF:lib\src\features\profile\data\models\response\ulasan_response.dart
DA:4,1
DA:5,1
DA:6,4
DA:8,0
DA:9,0
DA:20,4
DA:30,6
DA:31,3
DA:32,3
DA:33,3
DA:34,3
DA:35,3
DA:37,6
DA:38,3
DA:40,6
DA:41,3
DA:43,6
DA:46,2
DA:47,1
DA:48,1
DA:49,1
DA:50,1
DA:51,2
DA:52,2
DA:53,2
DA:56,2
DA:57,2
DA:58,2
DA:59,2
DA:60,2
DA:61,2
DA:62,2
DA:63,2
DA:64,2
DA:82,4
DA:97,6
DA:98,3
DA:99,3
DA:100,3
DA:101,3
DA:102,3
DA:103,3
DA:104,3
DA:105,3
DA:106,3
DA:107,3
DA:108,3
DA:110,6
DA:111,3
DA:113,6
DA:116,2
DA:117,1
DA:118,1
DA:119,1
DA:120,1
DA:121,1
DA:122,1
DA:123,1
DA:124,1
DA:125,1
DA:126,1
DA:127,2
DA:128,2
DA:131,2
DA:132,2
DA:133,2
DA:134,2
DA:135,2
DA:136,2
DA:137,2
DA:138,2
DA:139,2
DA:140,2
DA:141,2
DA:142,2
DA:143,2
DA:144,2
LF:77
LH:75
end_of_record
SF:lib\src\features\profile\data\models\response\usaha_response_model.dart
DA:4,0
DA:5,0
DA:7,0
DA:8,0
DA:17,4
DA:25,1
DA:32,1
DA:33,0
DA:34,1
DA:35,1
DA:36,1
DA:37,1
DA:40,3
DA:41,3
DA:42,3
DA:43,3
DA:44,3
DA:45,3
DA:46,3
DA:49,2
DA:50,1
DA:51,1
DA:52,1
DA:53,1
DA:54,1
DA:57,1
DA:58,1
DA:59,1
DA:60,1
DA:61,1
DA:62,1
DA:63,1
LF:32
LH:27
end_of_record
